<?xml version="1.0" encoding="UTF-8"?>
<testng-results ignored="0" total="1" passed="1" failed="0" skipped="0">
  <reporter-output>
  </reporter-output>
  <suite started-at="2024-07-12T15:00:10 IST" name="Default suite" finished-at="2024-07-12T15:00:26 IST" duration-ms="15991">
    <groups>
    </groups>
    <test started-at="2024-07-12T15:00:10 IST" name="Default test" finished-at="2024-07-12T15:00:26 IST" duration-ms="15991">
      <class name="nimapinfotech.nimapinfotech.com.LoginTest">
        <test-method is-config="true" signature="setUp()[pri:0, instance:nimapinfotech.nimapinfotech.com.LoginTest@47eaca72]" started-at="2024-07-12T15:00:10 IST" name="setUp" finished-at="2024-07-12T15:00:25 IST" duration-ms="15177" status="PASS">
          <reporter-output>
          </reporter-output>
        </test-method> <!-- setUp -->
        <test-method signature="loginTest(java.lang.String,java.lang.String)[pri:0, instance:nimapinfotech.nimapinfotech.com.LoginTest@47eaca72]" started-at="2024-07-12T15:00:25 IST" name="loginTest" data-provider="loginData" finished-at="2024-07-12T15:00:26 IST" duration-ms="726" status="PASS">
          <params>
            <param index="0">
              <value>
                <![CDATA[yogeshwar.2155@gmail.com]]>
              </value>
            </param>
            <param index="1">
              <value>
                <![CDATA[yogi@1234]]>
              </value>
            </param>
          </params>
          <reporter-output>
          </reporter-output>
        </test-method> <!-- loginTest -->
      </class> <!-- nimapinfotech.nimapinfotech.com.LoginTest -->
    </test> <!-- Default test -->
  </suite> <!-- Default suite -->
</testng-results>
